#-----------------------------------------------------------
# Vivado v2017.3 (64-bit)
# SW Build 2018833 on Wed Oct  4 19:58:22 MDT 2017
# IP Build 2016188 on Wed Oct  4 21:52:56 MDT 2017
# Start of session at: Fri Mar 23 16:30:16 2018
# Process ID: 13328
# Current directory: C:/Users/User/Desktop/CPE233/Digital_Lock/RAT_MCU
# Command line: vivado.exe -gui_launcher_event rodinguilauncherevent6340 C:\Users\User\Desktop\CPE233\Digital_Lock\RAT_MCU\RAT_MCU.xpr
# Log file: C:/Users/User/Desktop/CPE233/Digital_Lock/RAT_MCU/vivado.log
# Journal file: C:/Users/User/Desktop/CPE233/Digital_Lock/RAT_MCU\vivado.jou
#-----------------------------------------------------------
start_gui
open_project C:/Users/User/Desktop/CPE233/Digital_Lock/RAT_MCU/RAT_MCU.xpr
Scanning sources...
Finished scanning sources
INFO: [IP_Flow 19-234] Refreshing IP repositories
INFO: [IP_Flow 19-1704] No user IP repositories specified
INFO: [IP_Flow 19-2313] Loaded Vivado IP repository 'C:/Xilinx/Vivado/2017.3/data/ip'.
open_project: Time (s): cpu = 00:00:14 ; elapsed = 00:00:07 . Memory (MB): peak = 763.719 ; gain = 86.992
update_compile_order -fileset sources_1
synth_design -rtl -name rtl_1
Command: synth_design -rtl -name rtl_1
Starting synth_design
Using part: xc7a35tcpg236-1
Top: RAT_wrapper
---------------------------------------------------------------------------------
Starting RTL Elaboration : Time (s): cpu = 00:00:10 ; elapsed = 00:00:09 . Memory (MB): peak = 865.336 ; gain = 99.402
---------------------------------------------------------------------------------
INFO: [Synth 8-638] synthesizing module 'RAT_wrapper' [C:/Users/User/Desktop/CPE233/Digital_Lock/RAT_MCU/RAT_MCU.srcs/sources_1/new/RAT_wrapper.vhd:23]
INFO: [Synth 8-3491] module 'RAT_MCU' declared at 'C:/Users/User/Desktop/CPE233/Digital_Lock/RAT_MCU/RAT_MCU.srcs/sources_1/imports/new/RAT_MCU.vhd:26' bound to instance 'c_MCU' of component 'RAT_MCU' [C:/Users/User/Desktop/CPE233/Digital_Lock/RAT_MCU/RAT_MCU.srcs/sources_1/new/RAT_wrapper.vhd:92]
INFO: [Synth 8-638] synthesizing module 'RAT_MCU' [C:/Users/User/Desktop/CPE233/Digital_Lock/RAT_MCU/RAT_MCU.srcs/sources_1/imports/new/RAT_MCU.vhd:38]
INFO: [Synth 8-3491] module 'prog_rom' declared at 'C:/Users/User/Desktop/CPE233/RatSim v0.61/RatSimulator/prog_rom.vhd:21' bound to instance 'my_prog_rom' of component 'prog_rom' [C:/Users/User/Desktop/CPE233/Digital_Lock/RAT_MCU/RAT_MCU.srcs/sources_1/imports/new/RAT_MCU.vhd:250]
INFO: [Synth 8-638] synthesizing module 'prog_rom' [C:/Users/User/Desktop/CPE233/RatSim v0.61/RatSimulator/prog_rom.vhd:29]
	Parameter INIT bound to: 20'b00000000000000000000 
	Parameter INITP_00 bound to: 256'b0000000000000000000000000000000000011111010010001000101110111011010001001111000100001111010000000000001000010000001100111100111100110000111100100001000000110011110011110011010011111111111100010000111100111111110000111101111111111111110000110011001101001100 
	Parameter INITP_01 bound to: 256'b0000000000000000000000000000000000000000000000000000000000000000000000000000000000000000000000000000000000000000000000000000000000000000000000000000000000000000000000000000000000000000000000000000000000000000000000000000000000000000000000000000000000000000 
	Parameter INITP_02 bound to: 256'b0000000000000000000000000000000000000000000000000000000000000000000000000000000000000000000000000000000000000000000000000000000000000000000000000000000000000000000000000000000000000000000000000000000000000000000000000000000000000000000000000000000000000000 
	Parameter INITP_03 bound to: 256'b0000000000000000000000000000000000000000000000000000000000000000000000000000000000000000000000000000000000000000000000000000000000000000000000000000000000000000000000000000000000000000000000000000000000000000000000000000000000000000000000000000000000000000 
	Parameter INITP_04 bound to: 256'b0000000000000000000000000000000000000000000000000000000000000000000000000000000000000000000000000000000000000000000000000000000000000000000000000000000000000000000000000000000000000000000000000000000000000000000000000000000000000000000000000000000000000000 
	Parameter INITP_05 bound to: 256'b0000000000000000000000000000000000000000000000000000000000000000000000000000000000000000000000000000000000000000000000000000000000000000000000000000000000000000000000000000000000000000000000000000000000000000000000000000000000000000000000000000000000000000 
	Parameter INITP_06 bound to: 256'b0000000000000000000000000000000000000000000000000000000000000000000000000000000000000000000000000000000000000000000000000000000000000000000000000000000000000000000000000000000000000000000000000000000000000000000000000000000000000000000000000000000000000000 
	Parameter INITP_07 bound to: 256'b0000000000000000000000000000000000000000000000000000000000000000000000000000000000000000000000000000000000000000000000000000000000000000000000000000000000000000000000000000000000000000000000000000000000000000000000000000000000000000000000000000000000000000 
	Parameter INIT_00 bound to: 256'b0110010000000000011000110000000001100010000000000110000100000000011000000000000010000000001000001000000101010010000000000000100010000001111100100000000000000100100000001001101000000000000000011010000000000000100000000101100101111111000000000000000000000000 
	Parameter INIT_01 bound to: 256'b1000000001011001100000110000000101000001100000010110000100000011100000110000000101000001100000010110000100000010101000110000000110100010000000001000000100010001100000110000000101000001100000010110000100000001100000000000001001100110000000000110010100000000 
	Parameter INIT_02 bound to: 256'b1000010000000000100000110000000101000001100000010110000100000111100000011101001000000110000001011000000000000010100000010001001100000000000000100010000000100100010000110100000101000010010000000010001100100001001000100010000010000000001000001010000000000000 
	Parameter INIT_03 bound to: 256'b1000001010100010000001100000001110000010101000001000001100000001010000011000000101100001000010001000000101010000100001100000000110000000001000001010000000000000100000000101100110000010111100011000000111000010000000010000010110000010011100011000010100000001 
	Parameter INIT_04 bound to: 256'b0100010000010000100000010001000110000001111100001000011000000001100000001001100010100000000000001000000001011001100000101111000110000010011000100000000100000101100000100111000110000101000000011000010000000000100000110000000101000001100000010110000100000100 
	Parameter INIT_05 bound to: 256'b1000000000000010100000000101100110000000000000101000001100000001010000011000000101100001000001011000000000100000101000000000000010000000010110011000001100000001010000011000000101100001000000111000000000000010100000101101001101000101000110001000001011010011 
	Parameter INIT_06 bound to: 256'b0000000000000000101000000000001000100000001001000111111100000001100000000000001010000011000010110011110100000000100000110001101100111100000000001000001100101011110110110000000101111011010111101101110000000001011111001111111111011101000000010111110111111111 
	Parameter INIT_07 bound to: 256'b0000000000000000000000000000000000000000000000000000000000000000000000000000000000000000000000000000000000000000000000000000000000000000000000000000000000000000000000000000000000000000000000000000000000000000000000000000000000000000000000000000000000000000 
	Parameter INIT_08 bound to: 256'b0000000000000000000000000000000000000000000000000000000000000000000000000000000000000000000000000000000000000000000000000000000000000000000000000000000000000000000000000000000000000000000000000000000000000000000000000000000000000000000000000000000000000000 
	Parameter INIT_09 bound to: 256'b0000000000000000000000000000000000000000000000000000000000000000000000000000000000000000000000000000000000000000000000000000000000000000000000000000000000000000000000000000000000000000000000000000000000000000000000000000000000000000000000000000000000000000 
	Parameter INIT_0A bound to: 256'b0000000000000000000000000000000000000000000000000000000000000000000000000000000000000000000000000000000000000000000000000000000000000000000000000000000000000000000000000000000000000000000000000000000000000000000000000000000000000000000000000000000000000000 
	Parameter INIT_0B bound to: 256'b0000000000000000000000000000000000000000000000000000000000000000000000000000000000000000000000000000000000000000000000000000000000000000000000000000000000000000000000000000000000000000000000000000000000000000000000000000000000000000000000000000000000000000 
	Parameter INIT_0C bound to: 256'b0000000000000000000000000000000000000000000000000000000000000000000000000000000000000000000000000000000000000000000000000000000000000000000000000000000000000000000000000000000000000000000000000000000000000000000000000000000000000000000000000000000000000000 
	Parameter INIT_0D bound to: 256'b0000000000000000000000000000000000000000000000000000000000000000000000000000000000000000000000000000000000000000000000000000000000000000000000000000000000000000000000000000000000000000000000000000000000000000000000000000000000000000000000000000000000000000 
	Parameter INIT_0E bound to: 256'b0000000000000000000000000000000000000000000000000000000000000000000000000000000000000000000000000000000000000000000000000000000000000000000000000000000000000000000000000000000000000000000000000000000000000000000000000000000000000000000000000000000000000000 
	Parameter INIT_0F bound to: 256'b0000000000000000000000000000000000000000000000000000000000000000000000000000000000000000000000000000000000000000000000000000000000000000000000000000000000000000000000000000000000000000000000000000000000000000000000000000000000000000000000000000000000000000 
	Parameter INIT_10 bound to: 256'b0000000000000000000000000000000000000000000000000000000000000000000000000000000000000000000000000000000000000000000000000000000000000000000000000000000000000000000000000000000000000000000000000000000000000000000000000000000000000000000000000000000000000000 
	Parameter INIT_11 bound to: 256'b0000000000000000000000000000000000000000000000000000000000000000000000000000000000000000000000000000000000000000000000000000000000000000000000000000000000000000000000000000000000000000000000000000000000000000000000000000000000000000000000000000000000000000 
	Parameter INIT_12 bound to: 256'b0000000000000000000000000000000000000000000000000000000000000000000000000000000000000000000000000000000000000000000000000000000000000000000000000000000000000000000000000000000000000000000000000000000000000000000000000000000000000000000000000000000000000000 
	Parameter INIT_13 bound to: 256'b0000000000000000000000000000000000000000000000000000000000000000000000000000000000000000000000000000000000000000000000000000000000000000000000000000000000000000000000000000000000000000000000000000000000000000000000000000000000000000000000000000000000000000 
	Parameter INIT_14 bound to: 256'b0000000000000000000000000000000000000000000000000000000000000000000000000000000000000000000000000000000000000000000000000000000000000000000000000000000000000000000000000000000000000000000000000000000000000000000000000000000000000000000000000000000000000000 
	Parameter INIT_15 bound to: 256'b0000000000000000000000000000000000000000000000000000000000000000000000000000000000000000000000000000000000000000000000000000000000000000000000000000000000000000000000000000000000000000000000000000000000000000000000000000000000000000000000000000000000000000 
	Parameter INIT_16 bound to: 256'b0000000000000000000000000000000000000000000000000000000000000000000000000000000000000000000000000000000000000000000000000000000000000000000000000000000000000000000000000000000000000000000000000000000000000000000000000000000000000000000000000000000000000000 
	Parameter INIT_17 bound to: 256'b0000000000000000000000000000000000000000000000000000000000000000000000000000000000000000000000000000000000000000000000000000000000000000000000000000000000000000000000000000000000000000000000000000000000000000000000000000000000000000000000000000000000000000 
	Parameter INIT_18 bound to: 256'b0000000000000000000000000000000000000000000000000000000000000000000000000000000000000000000000000000000000000000000000000000000000000000000000000000000000000000000000000000000000000000000000000000000000000000000000000000000000000000000000000000000000000000 
	Parameter INIT_19 bound to: 256'b0000000000000000000000000000000000000000000000000000000000000000000000000000000000000000000000000000000000000000000000000000000000000000000000000000000000000000000000000000000000000000000000000000000000000000000000000000000000000000000000000000000000000000 
	Parameter INIT_1A bound to: 256'b0000000000000000000000000000000000000000000000000000000000000000000000000000000000000000000000000000000000000000000000000000000000000000000000000000000000000000000000000000000000000000000000000000000000000000000000000000000000000000000000000000000000000000 
	Parameter INIT_1B bound to: 256'b0000000000000000000000000000000000000000000000000000000000000000000000000000000000000000000000000000000000000000000000000000000000000000000000000000000000000000000000000000000000000000000000000000000000000000000000000000000000000000000000000000000000000000 
	Parameter INIT_1C bound to: 256'b0000000000000000000000000000000000000000000000000000000000000000000000000000000000000000000000000000000000000000000000000000000000000000000000000000000000000000000000000000000000000000000000000000000000000000000000000000000000000000000000000000000000000000 
	Parameter INIT_1D bound to: 256'b0000000000000000000000000000000000000000000000000000000000000000000000000000000000000000000000000000000000000000000000000000000000000000000000000000000000000000000000000000000000000000000000000000000000000000000000000000000000000000000000000000000000000000 
	Parameter INIT_1E bound to: 256'b0000000000000000000000000000000000000000000000000000000000000000000000000000000000000000000000000000000000000000000000000000000000000000000000000000000000000000000000000000000000000000000000000000000000000000000000000000000000000000000000000000000000000000 
	Parameter INIT_1F bound to: 256'b0000000000000000000000000000000000000000000000000000000000000000000000000000000000000000000000000000000000000000000000000000000000000000000000000000000000000000000000000000000000000000000000000000000000000000000000000000000000000000000000000000000000000000 
	Parameter INIT_20 bound to: 256'b0000000000000000000000000000000000000000000000000000000000000000000000000000000000000000000000000000000000000000000000000000000000000000000000000000000000000000000000000000000000000000000000000000000000000000000000000000000000000000000000000000000000000000 
	Parameter INIT_21 bound to: 256'b0000000000000000000000000000000000000000000000000000000000000000000000000000000000000000000000000000000000000000000000000000000000000000000000000000000000000000000000000000000000000000000000000000000000000000000000000000000000000000000000000000000000000000 
	Parameter INIT_22 bound to: 256'b0000000000000000000000000000000000000000000000000000000000000000000000000000000000000000000000000000000000000000000000000000000000000000000000000000000000000000000000000000000000000000000000000000000000000000000000000000000000000000000000000000000000000000 
	Parameter INIT_23 bound to: 256'b0000000000000000000000000000000000000000000000000000000000000000000000000000000000000000000000000000000000000000000000000000000000000000000000000000000000000000000000000000000000000000000000000000000000000000000000000000000000000000000000000000000000000000 
	Parameter INIT_24 bound to: 256'b0000000000000000000000000000000000000000000000000000000000000000000000000000000000000000000000000000000000000000000000000000000000000000000000000000000000000000000000000000000000000000000000000000000000000000000000000000000000000000000000000000000000000000 
	Parameter INIT_25 bound to: 256'b0000000000000000000000000000000000000000000000000000000000000000000000000000000000000000000000000000000000000000000000000000000000000000000000000000000000000000000000000000000000000000000000000000000000000000000000000000000000000000000000000000000000000000 
	Parameter INIT_26 bound to: 256'b0000000000000000000000000000000000000000000000000000000000000000000000000000000000000000000000000000000000000000000000000000000000000000000000000000000000000000000000000000000000000000000000000000000000000000000000000000000000000000000000000000000000000000 
	Parameter INIT_27 bound to: 256'b0000000000000000000000000000000000000000000000000000000000000000000000000000000000000000000000000000000000000000000000000000000000000000000000000000000000000000000000000000000000000000000000000000000000000000000000000000000000000000000000000000000000000000 
	Parameter INIT_28 bound to: 256'b0000000000000000000000000000000000000000000000000000000000000000000000000000000000000000000000000000000000000000000000000000000000000000000000000000000000000000000000000000000000000000000000000000000000000000000000000000000000000000000000000000000000000000 
	Parameter INIT_29 bound to: 256'b0000000000000000000000000000000000000000000000000000000000000000000000000000000000000000000000000000000000000000000000000000000000000000000000000000000000000000000000000000000000000000000000000000000000000000000000000000000000000000000000000000000000000000 
	Parameter INIT_2A bound to: 256'b0000000000000000000000000000000000000000000000000000000000000000000000000000000000000000000000000000000000000000000000000000000000000000000000000000000000000000000000000000000000000000000000000000000000000000000000000000000000000000000000000000000000000000 
	Parameter INIT_2B bound to: 256'b0000000000000000000000000000000000000000000000000000000000000000000000000000000000000000000000000000000000000000000000000000000000000000000000000000000000000000000000000000000000000000000000000000000000000000000000000000000000000000000000000000000000000000 
	Parameter INIT_2C bound to: 256'b0000000000000000000000000000000000000000000000000000000000000000000000000000000000000000000000000000000000000000000000000000000000000000000000000000000000000000000000000000000000000000000000000000000000000000000000000000000000000000000000000000000000000000 
	Parameter INIT_2D bound to: 256'b0000000000000000000000000000000000000000000000000000000000000000000000000000000000000000000000000000000000000000000000000000000000000000000000000000000000000000000000000000000000000000000000000000000000000000000000000000000000000000000000000000000000000000 
	Parameter INIT_2E bound to: 256'b0000000000000000000000000000000000000000000000000000000000000000000000000000000000000000000000000000000000000000000000000000000000000000000000000000000000000000000000000000000000000000000000000000000000000000000000000000000000000000000000000000000000000000 
	Parameter INIT_2F bound to: 256'b0000000000000000000000000000000000000000000000000000000000000000000000000000000000000000000000000000000000000000000000000000000000000000000000000000000000000000000000000000000000000000000000000000000000000000000000000000000000000000000000000000000000000000 
	Parameter INIT_30 bound to: 256'b0000000000000000000000000000000000000000000000000000000000000000000000000000000000000000000000000000000000000000000000000000000000000000000000000000000000000000000000000000000000000000000000000000000000000000000000000000000000000000000000000000000000000000 
	Parameter INIT_31 bound to: 256'b0000000000000000000000000000000000000000000000000000000000000000000000000000000000000000000000000000000000000000000000000000000000000000000000000000000000000000000000000000000000000000000000000000000000000000000000000000000000000000000000000000000000000000 
	Parameter INIT_32 bound to: 256'b0000000000000000000000000000000000000000000000000000000000000000000000000000000000000000000000000000000000000000000000000000000000000000000000000000000000000000000000000000000000000000000000000000000000000000000000000000000000000000000000000000000000000000 
	Parameter INIT_33 bound to: 256'b0000000000000000000000000000000000000000000000000000000000000000000000000000000000000000000000000000000000000000000000000000000000000000000000000000000000000000000000000000000000000000000000000000000000000000000000000000000000000000000000000000000000000000 
	Parameter INIT_34 bound to: 256'b0000000000000000000000000000000000000000000000000000000000000000000000000000000000000000000000000000000000000000000000000000000000000000000000000000000000000000000000000000000000000000000000000000000000000000000000000000000000000000000000000000000000000000 
	Parameter INIT_35 bound to: 256'b0000000000000000000000000000000000000000000000000000000000000000000000000000000000000000000000000000000000000000000000000000000000000000000000000000000000000000000000000000000000000000000000000000000000000000000000000000000000000000000000000000000000000000 
	Parameter INIT_36 bound to: 256'b0000000000000000000000000000000000000000000000000000000000000000000000000000000000000000000000000000000000000000000000000000000000000000000000000000000000000000000000000000000000000000000000000000000000000000000000000000000000000000000000000000000000000000 
	Parameter INIT_37 bound to: 256'b0000000000000000000000000000000000000000000000000000000000000000000000000000000000000000000000000000000000000000000000000000000000000000000000000000000000000000000000000000000000000000000000000000000000000000000000000000000000000000000000000000000000000000 
	Parameter INIT_38 bound to: 256'b0000000000000000000000000000000000000000000000000000000000000000000000000000000000000000000000000000000000000000000000000000000000000000000000000000000000000000000000000000000000000000000000000000000000000000000000000000000000000000000000000000000000000000 
	Parameter INIT_39 bound to: 256'b0000000000000000000000000000000000000000000000000000000000000000000000000000000000000000000000000000000000000000000000000000000000000000000000000000000000000000000000000000000000000000000000000000000000000000000000000000000000000000000000000000000000000000 
	Parameter INIT_3A bound to: 256'b0000000000000000000000000000000000000000000000000000000000000000000000000000000000000000000000000000000000000000000000000000000000000000000000000000000000000000000000000000000000000000000000000000000000000000000000000000000000000000000000000000000000000000 
	Parameter INIT_3B bound to: 256'b0000000000000000000000000000000000000000000000000000000000000000000000000000000000000000000000000000000000000000000000000000000000000000000000000000000000000000000000000000000000000000000000000000000000000000000000000000000000000000000000000000000000000000 
	Parameter INIT_3C bound to: 256'b0000000000000000000000000000000000000000000000000000000000000000000000000000000000000000000000000000000000000000000000000000000000000000000000000000000000000000000000000000000000000000000000000000000000000000000000000000000000000000000000000000000000000000 
	Parameter INIT_3D bound to: 256'b0000000000000000000000000000000000000000000000000000000000000000000000000000000000000000000000000000000000000000000000000000000000000000000000000000000000000000000000000000000000000000000000000000000000000000000000000000000000000000000000000000000000000000 
	Parameter INIT_3E bound to: 256'b0000000000000000000000000000000000000000000000000000000000000000000000000000000000000000000000000000000000000000000000000000000000000000000000000000000000000000000000000000000000000000000000000000000000000000000000000000000000000000000000000000000000000000 
	Parameter INIT_3F bound to: 256'b1000001101100000000000000000000000000000000000000000000000000000000000000000000000000000000000000000000000000000000000000000000000000000000000000000000000000000000000000000000000000000000000000000000000000000000000000000000000000000000000000000000000000000 
	Parameter SRVAL bound to: 20'b00000000000000000000 
	Parameter WRITE_MODE bound to: WRITE_FIRST - type: string 
INFO: [Synth 8-113] binding component instance 'ram_1024_x_18' to cell 'RAMB16_S18' [C:/Users/User/Desktop/CPE233/RatSim v0.61/RatSimulator/prog_rom.vhd:194]
INFO: [Synth 8-256] done synthesizing module 'prog_rom' (1#1) [C:/Users/User/Desktop/CPE233/RatSim v0.61/RatSimulator/prog_rom.vhd:29]
INFO: [Synth 8-3491] module 'ALU' declared at 'C:/Users/User/Desktop/CPE233/Digital_Lock/RAT_MCU/RAT_MCU.srcs/sources_1/imports/new/ALU.vhd:22' bound to instance 'my_alu' of component 'ALU' [C:/Users/User/Desktop/CPE233/Digital_Lock/RAT_MCU/RAT_MCU.srcs/sources_1/imports/new/RAT_MCU.vhd:255]
INFO: [Synth 8-638] synthesizing module 'ALU' [C:/Users/User/Desktop/CPE233/Digital_Lock/RAT_MCU/RAT_MCU.srcs/sources_1/imports/new/ALU.vhd:30]
INFO: [Synth 8-256] done synthesizing module 'ALU' (2#1) [C:/Users/User/Desktop/CPE233/Digital_Lock/RAT_MCU/RAT_MCU.srcs/sources_1/imports/new/ALU.vhd:30]
INFO: [Synth 8-3491] module 'FlagReg' declared at 'C:/Users/User/Desktop/CPE233/Digital_Lock/RAT_MCU/RAT_MCU.srcs/sources_1/new/Flag_Register.vhd:25' bound to instance 'FLAGS' of component 'FlagReg' [C:/Users/User/Desktop/CPE233/Digital_Lock/RAT_MCU/RAT_MCU.srcs/sources_1/imports/new/RAT_MCU.vhd:264]
INFO: [Synth 8-638] synthesizing module 'FlagReg' [C:/Users/User/Desktop/CPE233/Digital_Lock/RAT_MCU/RAT_MCU.srcs/sources_1/new/Flag_Register.vhd:39]
INFO: [Synth 8-3491] module 'FlagFF' declared at 'C:/Users/User/Desktop/CPE233/Digital_Lock/RAT_MCU/RAT_MCU.srcs/sources_1/new/FlagFF.vhd:25' bound to instance 'CFlag' of component 'FlagFF' [C:/Users/User/Desktop/CPE233/Digital_Lock/RAT_MCU/RAT_MCU.srcs/sources_1/new/Flag_Register.vhd:57]
INFO: [Synth 8-638] synthesizing module 'FlagFF' [C:/Users/User/Desktop/CPE233/Digital_Lock/RAT_MCU/RAT_MCU.srcs/sources_1/new/FlagFF.vhd:34]
INFO: [Synth 8-256] done synthesizing module 'FlagFF' (3#1) [C:/Users/User/Desktop/CPE233/Digital_Lock/RAT_MCU/RAT_MCU.srcs/sources_1/new/FlagFF.vhd:34]
INFO: [Synth 8-3491] module 'FlagFF' declared at 'C:/Users/User/Desktop/CPE233/Digital_Lock/RAT_MCU/RAT_MCU.srcs/sources_1/new/FlagFF.vhd:25' bound to instance 'ZFlag' of component 'FlagFF' [C:/Users/User/Desktop/CPE233/Digital_Lock/RAT_MCU/RAT_MCU.srcs/sources_1/new/Flag_Register.vhd:64]
INFO: [Synth 8-3491] module 'FlagFF' declared at 'C:/Users/User/Desktop/CPE233/Digital_Lock/RAT_MCU/RAT_MCU.srcs/sources_1/new/FlagFF.vhd:25' bound to instance 'SHAD_Z' of component 'FlagFF' [C:/Users/User/Desktop/CPE233/Digital_Lock/RAT_MCU/RAT_MCU.srcs/sources_1/new/Flag_Register.vhd:71]
INFO: [Synth 8-3491] module 'FlagFF' declared at 'C:/Users/User/Desktop/CPE233/Digital_Lock/RAT_MCU/RAT_MCU.srcs/sources_1/new/FlagFF.vhd:25' bound to instance 'SHAD_C' of component 'FlagFF' [C:/Users/User/Desktop/CPE233/Digital_Lock/RAT_MCU/RAT_MCU.srcs/sources_1/new/Flag_Register.vhd:78]
INFO: [Synth 8-3491] module 'MuxTwoOne_1Bit' declared at 'C:/Users/User/Desktop/CPE233/Digital_Lock/RAT_MCU/RAT_MCU.srcs/sources_1/new/MUXTwoOne-1Bit.vhd:20' bound to instance 'MUX_Z' of component 'MuxTwoOne_1Bit' [C:/Users/User/Desktop/CPE233/Digital_Lock/RAT_MCU/RAT_MCU.srcs/sources_1/new/Flag_Register.vhd:85]
INFO: [Synth 8-638] synthesizing module 'MuxTwoOne_1Bit' [C:/Users/User/Desktop/CPE233/Digital_Lock/RAT_MCU/RAT_MCU.srcs/sources_1/new/MUXTwoOne-1Bit.vhd:27]
INFO: [Synth 8-256] done synthesizing module 'MuxTwoOne_1Bit' (4#1) [C:/Users/User/Desktop/CPE233/Digital_Lock/RAT_MCU/RAT_MCU.srcs/sources_1/new/MUXTwoOne-1Bit.vhd:27]
INFO: [Synth 8-3491] module 'MuxTwoOne_1Bit' declared at 'C:/Users/User/Desktop/CPE233/Digital_Lock/RAT_MCU/RAT_MCU.srcs/sources_1/new/MUXTwoOne-1Bit.vhd:20' bound to instance 'MUX_C' of component 'MuxTwoOne_1Bit' [C:/Users/User/Desktop/CPE233/Digital_Lock/RAT_MCU/RAT_MCU.srcs/sources_1/new/Flag_Register.vhd:90]
INFO: [Synth 8-256] done synthesizing module 'FlagReg' (5#1) [C:/Users/User/Desktop/CPE233/Digital_Lock/RAT_MCU/RAT_MCU.srcs/sources_1/new/Flag_Register.vhd:39]
INFO: [Synth 8-3491] module 'CONTROL_UNIT' declared at 'C:/Users/User/Desktop/CPE233/Digital_Lock/RAT_MCU/RAT_MCU.srcs/sources_1/imports/new/Control_Unit.vhd:28' bound to instance 'my_cu' of component 'CONTROL_UNIT' [C:/Users/User/Desktop/CPE233/Digital_Lock/RAT_MCU/RAT_MCU.srcs/sources_1/imports/new/RAT_MCU.vhd:278]
INFO: [Synth 8-638] synthesizing module 'CONTROL_UNIT' [C:/Users/User/Desktop/CPE233/Digital_Lock/RAT_MCU/RAT_MCU.srcs/sources_1/imports/new/Control_Unit.vhd:69]
INFO: [Synth 8-226] default block is never used [C:/Users/User/Desktop/CPE233/Digital_Lock/RAT_MCU/RAT_MCU.srcs/sources_1/imports/new/Control_Unit.vhd:128]
INFO: [Synth 8-256] done synthesizing module 'CONTROL_UNIT' (6#1) [C:/Users/User/Desktop/CPE233/Digital_Lock/RAT_MCU/RAT_MCU.srcs/sources_1/imports/new/Control_Unit.vhd:69]
INFO: [Synth 8-3491] module 'RegisterFile' declared at 'C:/Users/User/Desktop/CPE233/Digital_Lock/RAT_MCU/RAT_MCU.srcs/sources_1/new/RegisterFile.vhd:26' bound to instance 'my_regfile' of component 'RegisterFile' [C:/Users/User/Desktop/CPE233/Digital_Lock/RAT_MCU/RAT_MCU.srcs/sources_1/imports/new/RAT_MCU.vhd:318]
INFO: [Synth 8-638] synthesizing module 'RegisterFile' [C:/Users/User/Desktop/CPE233/Digital_Lock/RAT_MCU/RAT_MCU.srcs/sources_1/new/RegisterFile.vhd:36]
INFO: [Synth 8-256] done synthesizing module 'RegisterFile' (7#1) [C:/Users/User/Desktop/CPE233/Digital_Lock/RAT_MCU/RAT_MCU.srcs/sources_1/new/RegisterFile.vhd:36]
INFO: [Synth 8-3491] module 'PC' declared at 'C:/Users/User/Desktop/CPE233/Digital_Lock/RAT_MCU/RAT_MCU.srcs/sources_1/imports/new/PC.vhd:11' bound to instance 'my_PC' of component 'PC' [C:/Users/User/Desktop/CPE233/Digital_Lock/RAT_MCU/RAT_MCU.srcs/sources_1/imports/new/RAT_MCU.vhd:328]
INFO: [Synth 8-638] synthesizing module 'PC' [C:/Users/User/Desktop/CPE233/Digital_Lock/RAT_MCU/RAT_MCU.srcs/sources_1/imports/new/PC.vhd:23]
INFO: [Synth 8-256] done synthesizing module 'PC' (8#1) [C:/Users/User/Desktop/CPE233/Digital_Lock/RAT_MCU/RAT_MCU.srcs/sources_1/imports/new/PC.vhd:23]
INFO: [Synth 8-3491] module 'MuxFourOne_8Bit' declared at 'C:/Users/User/Desktop/CPE233/Digital_Lock/RAT_MCU/RAT_MCU.srcs/sources_1/new/MuxFourOne.vhd:20' bound to instance 'REG_MUX' of component 'MuxFourOne_8Bit' [C:/Users/User/Desktop/CPE233/Digital_Lock/RAT_MCU/RAT_MCU.srcs/sources_1/imports/new/RAT_MCU.vhd:339]
INFO: [Synth 8-638] synthesizing module 'MuxFourOne_8Bit' [C:/Users/User/Desktop/CPE233/Digital_Lock/RAT_MCU/RAT_MCU.srcs/sources_1/new/MuxFourOne.vhd:29]
INFO: [Synth 8-256] done synthesizing module 'MuxFourOne_8Bit' (9#1) [C:/Users/User/Desktop/CPE233/Digital_Lock/RAT_MCU/RAT_MCU.srcs/sources_1/new/MuxFourOne.vhd:29]
INFO: [Synth 8-3491] module 'MuxTwoOne_8Bit' declared at 'C:/Users/User/Desktop/CPE233/Digital_Lock/RAT_MCU/RAT_MCU.srcs/sources_1/new/MuxTwoOne.vhd:20' bound to instance 'ALU_MUX' of component 'MuxTwoOne_8Bit' [C:/Users/User/Desktop/CPE233/Digital_Lock/RAT_MCU/RAT_MCU.srcs/sources_1/imports/new/RAT_MCU.vhd:347]
INFO: [Synth 8-638] synthesizing module 'MuxTwoOne_8Bit' [C:/Users/User/Desktop/CPE233/Digital_Lock/RAT_MCU/RAT_MCU.srcs/sources_1/new/MuxTwoOne.vhd:27]
INFO: [Synth 8-256] done synthesizing module 'MuxTwoOne_8Bit' (10#1) [C:/Users/User/Desktop/CPE233/Digital_Lock/RAT_MCU/RAT_MCU.srcs/sources_1/new/MuxTwoOne.vhd:27]
INFO: [Synth 8-3491] module 'SP' declared at 'C:/Users/User/Desktop/CPE233/Digital_Lock/RAT_MCU/RAT_MCU.srcs/sources_1/new/SP.vhd:20' bound to instance 'StackPointer' of component 'SP' [C:/Users/User/Desktop/CPE233/Digital_Lock/RAT_MCU/RAT_MCU.srcs/sources_1/imports/new/RAT_MCU.vhd:354]
INFO: [Synth 8-638] synthesizing module 'SP' [C:/Users/User/Desktop/CPE233/Digital_Lock/RAT_MCU/RAT_MCU.srcs/sources_1/new/SP.vhd:30]
INFO: [Synth 8-256] done synthesizing module 'SP' (11#1) [C:/Users/User/Desktop/CPE233/Digital_Lock/RAT_MCU/RAT_MCU.srcs/sources_1/new/SP.vhd:30]
INFO: [Synth 8-3491] module 'MuxFourOne_8Bit' declared at 'C:/Users/User/Desktop/CPE233/Digital_Lock/RAT_MCU/RAT_MCU.srcs/sources_1/new/MuxFourOne.vhd:20' bound to instance 'SCR_MUX1' of component 'MuxFourOne_8Bit' [C:/Users/User/Desktop/CPE233/Digital_Lock/RAT_MCU/RAT_MCU.srcs/sources_1/imports/new/RAT_MCU.vhd:364]
INFO: [Synth 8-3491] module 'MuxTwoOne_10Bit' declared at 'C:/Users/User/Desktop/CPE233/Digital_Lock/RAT_MCU/RAT_MCU.srcs/sources_1/new/MuxTwoOne_10bit.vhd:20' bound to instance 'SCR_MUX2' of component 'MuxTwoOne_10Bit' [C:/Users/User/Desktop/CPE233/Digital_Lock/RAT_MCU/RAT_MCU.srcs/sources_1/imports/new/RAT_MCU.vhd:374]
INFO: [Synth 8-638] synthesizing module 'MuxTwoOne_10Bit' [C:/Users/User/Desktop/CPE233/Digital_Lock/RAT_MCU/RAT_MCU.srcs/sources_1/new/MuxTwoOne_10bit.vhd:27]
INFO: [Synth 8-256] done synthesizing module 'MuxTwoOne_10Bit' (12#1) [C:/Users/User/Desktop/CPE233/Digital_Lock/RAT_MCU/RAT_MCU.srcs/sources_1/new/MuxTwoOne_10bit.vhd:27]
INFO: [Synth 8-3491] module 'Scratch_RAM' declared at 'C:/Users/User/Desktop/CPE233/Digital_Lock/RAT_MCU/RAT_MCU.srcs/sources_1/new/SCR.vhd:25' bound to instance 'SCR' of component 'Scratch_RAM' [C:/Users/User/Desktop/CPE233/Digital_Lock/RAT_MCU/RAT_MCU.srcs/sources_1/imports/new/RAT_MCU.vhd:380]
INFO: [Synth 8-638] synthesizing module 'Scratch_RAM' [C:/Users/User/Desktop/CPE233/Digital_Lock/RAT_MCU/RAT_MCU.srcs/sources_1/new/SCR.vhd:33]
INFO: [Synth 8-256] done synthesizing module 'Scratch_RAM' (13#1) [C:/Users/User/Desktop/CPE233/Digital_Lock/RAT_MCU/RAT_MCU.srcs/sources_1/new/SCR.vhd:33]
INFO: [Synth 8-3491] module 'I' declared at 'C:/Users/User/Desktop/CPE233/Digital_Lock/RAT_MCU/RAT_MCU.srcs/sources_1/new/I.vhd:21' bound to instance 'Interrupt' of component 'I' [C:/Users/User/Desktop/CPE233/Digital_Lock/RAT_MCU/RAT_MCU.srcs/sources_1/imports/new/RAT_MCU.vhd:387]
INFO: [Synth 8-638] synthesizing module 'I' [C:/Users/User/Desktop/CPE233/Digital_Lock/RAT_MCU/RAT_MCU.srcs/sources_1/new/I.vhd:28]
INFO: [Synth 8-256] done synthesizing module 'I' (14#1) [C:/Users/User/Desktop/CPE233/Digital_Lock/RAT_MCU/RAT_MCU.srcs/sources_1/new/I.vhd:28]
INFO: [Synth 8-256] done synthesizing module 'RAT_MCU' (15#1) [C:/Users/User/Desktop/CPE233/Digital_Lock/RAT_MCU/RAT_MCU.srcs/sources_1/imports/new/RAT_MCU.vhd:38]
INFO: [Synth 8-3491] module 'db_1shot_FSM' declared at 'C:/Users/User/Desktop/CPE233/Digital_Lock/RAT_MCU/RAT_MCU.srcs/sources_1/imports/Debounce_OneShot_FSM/debounce_one_shot_FSM.vhd:26' bound to instance 'c_DB_RESET' of component 'db_1shot_fsm' [C:/Users/User/Desktop/CPE233/Digital_Lock/RAT_MCU/RAT_MCU.srcs/sources_1/new/RAT_wrapper.vhd:101]
INFO: [Synth 8-638] synthesizing module 'db_1shot_FSM' [C:/Users/User/Desktop/CPE233/Digital_Lock/RAT_MCU/RAT_MCU.srcs/sources_1/imports/Debounce_OneShot_FSM/debounce_one_shot_FSM.vhd:32]
INFO: [Synth 8-3491] module 'counter' declared at 'C:/Users/User/Desktop/CPE233/Digital_Lock/RAT_MCU/RAT_MCU.srcs/sources_1/imports/Debounce_OneShot_FSM/counter_for_one_shot.vhd:27' bound to instance 'bounce_counter' of component 'Counter' [C:/Users/User/Desktop/CPE233/Digital_Lock/RAT_MCU/RAT_MCU.srcs/sources_1/imports/Debounce_OneShot_FSM/debounce_one_shot_FSM.vhd:60]
INFO: [Synth 8-638] synthesizing module 'counter' [C:/Users/User/Desktop/CPE233/Digital_Lock/RAT_MCU/RAT_MCU.srcs/sources_1/imports/Debounce_OneShot_FSM/counter_for_one_shot.vhd:34]
INFO: [Synth 8-256] done synthesizing module 'counter' (16#1) [C:/Users/User/Desktop/CPE233/Digital_Lock/RAT_MCU/RAT_MCU.srcs/sources_1/imports/Debounce_OneShot_FSM/counter_for_one_shot.vhd:34]
INFO: [Synth 8-256] done synthesizing module 'db_1shot_FSM' (17#1) [C:/Users/User/Desktop/CPE233/Digital_Lock/RAT_MCU/RAT_MCU.srcs/sources_1/imports/Debounce_OneShot_FSM/debounce_one_shot_FSM.vhd:32]
INFO: [Synth 8-3491] module 'db_1shot_FSM' declared at 'C:/Users/User/Desktop/CPE233/Digital_Lock/RAT_MCU/RAT_MCU.srcs/sources_1/imports/Debounce_OneShot_FSM/debounce_one_shot_FSM.vhd:26' bound to instance 'c_DB_INT' of component 'db_1shot_fsm' [C:/Users/User/Desktop/CPE233/Digital_Lock/RAT_MCU/RAT_MCU.srcs/sources_1/new/RAT_wrapper.vhd:106]
INFO: [Synth 8-3491] module 'sseg' declared at 'C:/Users/User/Desktop/CPE233/Digital_Lock/RAT_MCU/RAT_MCU.srcs/sources_1/imports/new/sseg.vhd:25' bound to instance 'sseg_letter' of component 'sseg' [C:/Users/User/Desktop/CPE233/Digital_Lock/RAT_MCU/RAT_MCU.srcs/sources_1/new/RAT_wrapper.vhd:111]
INFO: [Synth 8-638] synthesizing module 'sseg' [C:/Users/User/Desktop/CPE233/Digital_Lock/RAT_MCU/RAT_MCU.srcs/sources_1/imports/new/sseg.vhd:33]
INFO: [Synth 8-3491] module 'clk_div' declared at 'C:/Users/User/Desktop/CPE233/Digital_Lock/RAT_MCU/RAT_MCU.srcs/sources_1/imports/assignment 1 support files/univ_sseg_dec.vhd:573' bound to instance 'my_clk' of component 'clk_div' [C:/Users/User/Desktop/CPE233/Digital_Lock/RAT_MCU/RAT_MCU.srcs/sources_1/imports/new/sseg.vhd:43]
INFO: [Synth 8-638] synthesizing module 'clk_div' [C:/Users/User/Desktop/CPE233/Digital_Lock/RAT_MCU/RAT_MCU.srcs/sources_1/imports/assignment 1 support files/univ_sseg_dec.vhd:578]
INFO: [Synth 8-256] done synthesizing module 'clk_div' (18#1) [C:/Users/User/Desktop/CPE233/Digital_Lock/RAT_MCU/RAT_MCU.srcs/sources_1/imports/assignment 1 support files/univ_sseg_dec.vhd:578]
INFO: [Synth 8-256] done synthesizing module 'sseg' (19#1) [C:/Users/User/Desktop/CPE233/Digital_Lock/RAT_MCU/RAT_MCU.srcs/sources_1/imports/new/sseg.vhd:33]
INFO: [Synth 8-256] done synthesizing module 'RAT_wrapper' (20#1) [C:/Users/User/Desktop/CPE233/Digital_Lock/RAT_MCU/RAT_MCU.srcs/sources_1/new/RAT_wrapper.vhd:23]
---------------------------------------------------------------------------------
Finished RTL Elaboration : Time (s): cpu = 00:00:11 ; elapsed = 00:00:11 . Memory (MB): peak = 912.258 ; gain = 146.324
---------------------------------------------------------------------------------

Report Check Netlist: 
+------+------------------+-------+---------+-------+------------------+
|      |Item              |Errors |Warnings |Status |Description       |
+------+------------------+-------+---------+-------+------------------+
|1     |multi_driven_nets |      0|        0|Passed |Multi driven nets |
+------+------------------+-------+---------+-------+------------------+
---------------------------------------------------------------------------------
Finished RTL Optimization Phase 1 : Time (s): cpu = 00:00:11 ; elapsed = 00:00:11 . Memory (MB): peak = 912.258 ; gain = 146.324
---------------------------------------------------------------------------------
INFO: [Netlist 29-17] Analyzing 1 Unisim elements for replacement
INFO: [Netlist 29-28] Unisim Transformation completed in 0 CPU seconds
INFO: [Device 21-403] Loading part xc7a35tcpg236-1
INFO: [Project 1-570] Preparing netlist for logic optimization

Processing XDC Constraints
Initializing timing engine
Parsing XDC File [C:/Users/User/Desktop/CPE233/Digital_Lock/RAT_MCU/RAT_MCU.srcs/constrs_1/new/Basys3_RAT_constraints.xdc]
Finished Parsing XDC File [C:/Users/User/Desktop/CPE233/Digital_Lock/RAT_MCU/RAT_MCU.srcs/constrs_1/new/Basys3_RAT_constraints.xdc]
Completed Processing XDC Constraints

INFO: [Opt 31-138] Pushed 0 inverter(s) to 0 load pin(s).
INFO: [Project 1-111] Unisim Transformation Summary:
  A total of 1 instances were transformed.
  RAMB16_S18 => RAMB18E1: 1 instances

RTL Elaboration Complete:  : Time (s): cpu = 00:00:31 ; elapsed = 00:00:28 . Memory (MB): peak = 1244.387 ; gain = 478.453
73 Infos, 0 Warnings, 0 Critical Warnings and 0 Errors encountered.
synth_design completed successfully
synth_design: Time (s): cpu = 00:00:31 ; elapsed = 00:00:28 . Memory (MB): peak = 1244.387 ; gain = 478.453
exit
INFO: [Common 17-206] Exiting Vivado at Fri Mar 23 18:32:45 2018...
